# JRE version: Java(TM) SE Runtime Environment 18.9 (11.0.15+8) (build 11.0.15+8-LTS-149)
# Java VM: Java HotSpot(TM) 64-Bit Server VM 18.9 (11.0.15+8-LTS-149, mixed mode, tiered, compressed oops, g1 gc, bsd-amd64)
Heap:
 garbage-first heap   total 262144K, used 110935K [0x0000000780000000, 0x0000000800000000)
  region size 1024K, 15 young (15360K), 11 survivors (11264K)
 Metaspace       used 98030K, capacity 101166K, committed 101368K, reserved 604160K
  class space    used 13017K, capacity 14271K, committed 14284K, reserved 516096K
GC Heap History (10 events):
Event: 7.618 GC heap before
{Heap before GC invocations=10 (full 0):
 garbage-first heap   total 262144K, used 190672K [0x0000000780000000, 0x0000000800000000)
  region size 1024K, 153 young (156672K), 10 survivors (10240K)
 Metaspace       used 67733K, capacity 69811K, committed 70220K, reserved 577536K
  class space    used 8989K, capacity 9841K, committed 9932K, reserved 516096K
}
Event: 7.624 GC heap after
{Heap after GC invocations=11 (full 0):
 garbage-first heap   total 262144K, used 50824K [0x0000000780000000, 0x0000000800000000)
  region size 1024K, 16 young (16384K), 16 survivors (16384K)
 Metaspace       used 67733K, capacity 69811K, committed 70220K, reserved 577536K
  class space    used 8989K, capacity 9841K, committed 9932K, reserved 516096K
}
Event: 8.618 GC heap before
{Heap before GC invocations=11 (full 0):
 garbage-first heap   total 262144K, used 194184K [0x0000000780000000, 0x0000000800000000)
  region size 1024K, 153 young (156672K), 16 survivors (16384K)
 Metaspace       used 79542K, capacity 81967K, committed 82508K, reserved 587776K
  class space    used 10343K, capacity 11330K, committed 11468K, reserved 516096K
}
Event: 8.629 GC heap after
{Heap after GC invocations=12 (full 0):
 garbage-first heap   total 262144K, used 69737K [0x0000000780000000, 0x0000000800000000)
  region size 1024K, 20 young (20480K), 20 survivors (20480K)
 Metaspace       used 79542K, capacity 81967K, committed 82508K, reserved 587776K
  class space    used 10343K, capacity 11330K, committed 11468K, reserved 516096K
}
Event: 10.992 GC heap before
{Heap before GC invocations=12 (full 0):
 garbage-first heap   total 262144K, used 197737K [0x0000000780000000, 0x0000000800000000)
  region size 1024K, 145 young (148480K), 20 survivors (20480K)
 Metaspace       used 85514K, capacity 88061K, committed 88652K, reserved 593920K
  class space    used 11125K, capacity 12140K, committed 12236K, reserved 516096K
}
Event: 11.003 GC heap after
{Heap after GC invocations=13 (full 0):
 garbage-first heap   total 262144K, used 79969K [0x0000000780000000, 0x0000000800000000)
  region size 1024K, 11 young (11264K), 11 survivors (11264K)
 Metaspace       used 85514K, capacity 88061K, committed 88652K, reserved 593920K
  class space    used 11125K, capacity 12140K, committed 12236K, reserved 516096K
}
Event: 12.103 GC heap before
{Heap before GC invocations=13 (full 0):
 garbage-first heap   total 262144K, used 201825K [0x0000000780000000, 0x0000000800000000)
  region size 1024K, 130 young (133120K), 11 survivors (11264K)
 Metaspace       used 92851K, capacity 95812K, committed 96076K, reserved 600064K
  class space    used 12313K, capacity 13475K, committed 13516K, reserved 516096K
}
Event: 12.111 GC heap after
{Heap after GC invocations=14 (full 0):
 garbage-first heap   total 262144K, used 92532K [0x0000000780000000, 0x0000000800000000)
  region size 1024K, 13 young (13312K), 13 survivors (13312K)
 Metaspace       used 92851K, capacity 95812K, committed 96076K, reserved 600064K
  class space    used 12313K, capacity 13475K, committed 13516K, reserved 516096K
}
Event: 12.710 GC heap before
{Heap before GC invocations=14 (full 0):
 garbage-first heap   total 262144K, used 166260K [0x0000000780000000, 0x0000000800000000)
  region size 1024K, 82 young (83968K), 13 survivors (13312K)
 Metaspace       used 97643K, capacity 100744K, committed 100940K, reserved 604160K
  class space    used 12974K, capacity 14237K, committed 14284K, reserved 516096K
}
Event: 12.718 GC heap after
{Heap after GC invocations=15 (full 0):
 garbage-first heap   total 262144K, used 107863K [0x0000000780000000, 0x0000000800000000)
  region size 1024K, 11 young (11264K), 11 survivors (11264K)
 Metaspace       used 97643K, capacity 100744K, committed 100940K, reserved 604160K
  class space    used 12974K, capacity 14237K, committed 14284K, reserved 516096K
}

